<?xml version="1.0" encoding="UTF-8"?>
<!-- Generated by org.testng.reporters.JUnitReportReporter -->
<testsuite hostname="NAYONIKA" failures="0" tests="6" name="TestNG.AnnotationAttributes" time="29.088" errors="0" timestamp="2026-06-22T11:58:47 IST" skipped="1">
  <testcase classname="TestNG.AnnotationAttributes" name="Login" time="5.040">
    <system-out>
      <![CDATA[Login page is displayed]]>
    </system-out>
  </testcase> <!-- Login -->
  <testcase classname="TestNG.AnnotationAttributes" name="Register" time="6.709">
    <system-out>
      <![CDATA[Register page is displayed]]>
    </system-out>
  </testcase> <!-- Register -->
  <testcase classname="TestNG.AnnotationAttributes" name="Register" time="7.098">
    <system-out>
      <![CDATA[Register page is displayed]]>
    </system-out>
  </testcase> <!-- Register -->
  <testcase classname="TestNG.AnnotationAttributes" name="Register" time="5.256">
    <system-out>
      <![CDATA[Register page is displayed]]>
    </system-out>
  </testcase> <!-- Register -->
  <testcase classname="TestNG.AnnotationAttributes" name="Register" time="4.985">
    <system-out>
      <![CDATA[Register page is displayed]]>
    </system-out>
  </testcase> <!-- Register -->
  <testcase classname="TestNG.AnnotationAttributes" name="Print">
    <skipped/>
  </testcase> <!-- Print -->
  <system-out>
    <![CDATA[Register page is displayed
Register page is displayed
Register page is displayed
Register page is displayed
Login page is displayed]]>
  </system-out>
</testsuite> <!-- TestNG.AnnotationAttributes -->
