<?xml version="1.0" encoding="UTF-8"?>
<!-- Generated by org.testng.reporters.JUnitReportReporter -->
<testsuite hostname="NAYONIKA" failures="0" tests="1" name="TestNG.Ferrari" time="3.537" errors="0" timestamp="2026-06-24T10:41:48 IST" skipped="0">
  <testcase classname="TestNG.Ferrari" name="racing" time="3.537">
    <system-out>
      <![CDATA[Ferrari is ready for racing]]>
    </system-out>
  </testcase> <!-- racing -->
  <system-out>
    <![CDATA[Porsche new model is available
BMW is launched
Ferrari is ready for racing]]>
  </system-out>
</testsuite> <!-- TestNG.Ferrari -->
